c:\gamedev\c++\sdl_project\sdl_project\debug\vc140.pdb
c:\gamedev\c++\sdl_project\sdl_project\debug\vc140.idb
c:\gamedev\c++\sdl_project\sdl_project\debug\animation.obj
c:\gamedev\c++\sdl_project\sdl_project\debug\debug.obj
c:\gamedev\c++\sdl_project\sdl_project\debug\gameobject.obj
c:\gamedev\c++\sdl_project\sdl_project\debug\gamescenemanager.obj
c:\gamedev\c++\sdl_project\sdl_project\debug\main.obj
c:\gamedev\c++\sdl_project\sdl_project\debug\player.obj
c:\gamedev\c++\sdl_project\sdl_project\debug\timer.obj
c:\gamedev\c++\sdl_project\sdl_project\debug\window.obj
c:\gamedev\c++\sdl_project\debug\sdl_project.pdb
c:\gamedev\c++\sdl_project\sdl_project\debug\sdl_project.tlog\cl.command.1.tlog
c:\gamedev\c++\sdl_project\sdl_project\debug\sdl_project.tlog\cl.read.1.tlog
c:\gamedev\c++\sdl_project\sdl_project\debug\sdl_project.tlog\cl.write.1.tlog
c:\gamedev\c++\sdl_project\sdl_project\debug\sdl_project.tlog\link-cvtres.read.1.tlog
c:\gamedev\c++\sdl_project\sdl_project\debug\sdl_project.tlog\link-cvtres.write.1.tlog
c:\gamedev\c++\sdl_project\sdl_project\debug\sdl_project.tlog\link-rc.read.1.tlog
c:\gamedev\c++\sdl_project\sdl_project\debug\sdl_project.tlog\link-rc.write.1.tlog
c:\gamedev\c++\sdl_project\sdl_project\debug\sdl_project.tlog\link.command.1.tlog
c:\gamedev\c++\sdl_project\sdl_project\debug\sdl_project.tlog\link.read.1.tlog
c:\gamedev\c++\sdl_project\sdl_project\debug\sdl_project.tlog\link.write.1.tlog
